
*** Running vivado
    with args -log lab5_top.vdi -applog -m64 -product Vivado -messageDb vivado.pb -mode batch -source lab5_top.tcl -notrace



****** Vivado v2022.1 (64-bit)
  **** SW Build 3526262 on Mon Apr 18 15:48:16 MDT 2022
  **** IP Build 3524634 on Mon Apr 18 20:55:01 MDT 2022
    ** Copyright 1986-2022 Xilinx, Inc. All Rights Reserved.

source lab5_top.tcl -notrace
Command: link_design -top lab5_top -part xc7a100tcsg324-1
Design is defaulting to srcset: sources_1
Design is defaulting to constrset: constrs_1
INFO: [Device 21-403] Loading part xc7a100tcsg324-1
Netlist sorting complete. Time (s): cpu = 00:00:00 ; elapsed = 00:00:00.005 . Memory (MB): peak = 1852.469 ; gain = 0.000
INFO: [Netlist 29-17] Analyzing 48 Unisim elements for replacement
INFO: [Netlist 29-28] Unisim Transformation completed in 0 CPU seconds
INFO: [Project 1-479] Netlist was created with Vivado 2022.1
INFO: [Project 1-570] Preparing netlist for logic optimization
Parsing XDC File [D:/JHU/FPGA/Lab/Lab5_Nguyen/Lab5_Nguyen.srcs/constrs_1/new/nexys4_ddr_master_constraints.xdc]
Finished Parsing XDC File [D:/JHU/FPGA/Lab/Lab5_Nguyen/Lab5_Nguyen.srcs/constrs_1/new/nexys4_ddr_master_constraints.xdc]
INFO: [Opt 31-138] Pushed 0 inverter(s) to 0 load pin(s).
Netlist sorting complete. Time (s): cpu = 00:00:00 ; elapsed = 00:00:00 . Memory (MB): peak = 1852.469 ; gain = 0.000
INFO: [Project 1-111] Unisim Transformation Summary:
No Unisim elements were transformed.

7 Infos, 0 Warnings, 0 Critical Warnings and 0 Errors encountered.
link_design completed successfully
link_design: Time (s): cpu = 00:00:05 ; elapsed = 00:00:07 . Memory (MB): peak = 1852.469 ; gain = 0.000
Command: opt_design
Attempting to get a license for feature 'Implementation' and/or device 'xc7a100t'
INFO: [Common 17-349] Got license for feature 'Implementation' and/or device 'xc7a100t'
Running DRC as a precondition to command opt_design

Starting DRC Task
INFO: [DRC 23-27] Running DRC with 2 threads
INFO: [Project 1-461] DRC finished with 0 Errors
INFO: [Project 1-462] Please refer to the DRC report (report_drc) for more information.

Time (s): cpu = 00:00:01 ; elapsed = 00:00:01 . Memory (MB): peak = 1852.469 ; gain = 0.000

Starting Cache Timing Information Task
INFO: [Timing 38-35] Done setting XDC timing constraints.
Ending Cache Timing Information Task | Checksum: 179b99f4f

Time (s): cpu = 00:00:08 ; elapsed = 00:00:10 . Memory (MB): peak = 2180.492 ; gain = 328.023

Starting Logic Optimization Task

Phase 1 Retarget
INFO: [Opt 31-138] Pushed 0 inverter(s) to 0 load pin(s).
In IDDR TRANSFORM
INFO: [Opt 31-49] Retargeted 0 cell(s).
Phase 1 Retarget | Checksum: 179b99f4f

Time (s): cpu = 00:00:00 ; elapsed = 00:00:00.213 . Memory (MB): peak = 2496.309 ; gain = 0.000
INFO: [Opt 31-389] Phase Retarget created 0 cells and removed 0 cells

Phase 2 Constant propagation
INFO: [Opt 31-138] Pushed 0 inverter(s) to 0 load pin(s).
Phase 2 Constant propagation | Checksum: 179b99f4f

Time (s): cpu = 00:00:00 ; elapsed = 00:00:00.234 . Memory (MB): peak = 2496.309 ; gain = 0.000
INFO: [Opt 31-389] Phase Constant propagation created 0 cells and removed 0 cells

Phase 3 Sweep
Phase 3 Sweep | Checksum: e7bd232f

Time (s): cpu = 00:00:00 ; elapsed = 00:00:00.278 . Memory (MB): peak = 2496.309 ; gain = 0.000
INFO: [Opt 31-389] Phase Sweep created 0 cells and removed 0 cells

Phase 4 BUFG optimization
Phase 4 BUFG optimization | Checksum: e7bd232f

Time (s): cpu = 00:00:00 ; elapsed = 00:00:00.313 . Memory (MB): peak = 2496.309 ; gain = 0.000
INFO: [Opt 31-662] Phase BUFG optimization created 0 cells of which 0 are BUFGs and removed 0 cells.

Phase 5 Shift Register Optimization
INFO: [Opt 31-1064] SRL Remap converted 0 SRLs to 0 registers and converted 0 registers of register chains to 0 SRLs
Phase 5 Shift Register Optimization | Checksum: e7bd232f

Time (s): cpu = 00:00:00 ; elapsed = 00:00:00.317 . Memory (MB): peak = 2496.309 ; gain = 0.000
INFO: [Opt 31-389] Phase Shift Register Optimization created 0 cells and removed 0 cells

Phase 6 Post Processing Netlist
Phase 6 Post Processing Netlist | Checksum: e7bd232f

Time (s): cpu = 00:00:00 ; elapsed = 00:00:00.321 . Memory (MB): peak = 2496.309 ; gain = 0.000
INFO: [Opt 31-389] Phase Post Processing Netlist created 0 cells and removed 0 cells
Opt_design Change Summary
=========================


-------------------------------------------------------------------------------------------------------------------------
|  Phase                        |  #Cells created  |  #Cells Removed  |  #Constrained objects preventing optimizations  |
-------------------------------------------------------------------------------------------------------------------------
|  Retarget                     |               0  |               0  |                                              0  |
|  Constant propagation         |               0  |               0  |                                              0  |
|  Sweep                        |               0  |               0  |                                              0  |
|  BUFG optimization            |               0  |               0  |                                              0  |
|  Shift Register Optimization  |               0  |               0  |                                              0  |
|  Post Processing Netlist      |               0  |               0  |                                              0  |
-------------------------------------------------------------------------------------------------------------------------



Starting Connectivity Check Task

Time (s): cpu = 00:00:00 ; elapsed = 00:00:00.002 . Memory (MB): peak = 2496.309 ; gain = 0.000
Ending Logic Optimization Task | Checksum: c75632bd

Time (s): cpu = 00:00:00 ; elapsed = 00:00:00.348 . Memory (MB): peak = 2496.309 ; gain = 0.000

Starting Power Optimization Task
INFO: [Pwropt 34-132] Skipping clock gating for clocks with a period < 2.00 ns.
Ending Power Optimization Task | Checksum: c75632bd

Time (s): cpu = 00:00:00 ; elapsed = 00:00:00.093 . Memory (MB): peak = 2496.309 ; gain = 0.000

Starting Final Cleanup Task
Ending Final Cleanup Task | Checksum: c75632bd

Time (s): cpu = 00:00:00 ; elapsed = 00:00:00 . Memory (MB): peak = 2496.309 ; gain = 0.000

Starting Netlist Obfuscation Task
Netlist sorting complete. Time (s): cpu = 00:00:00 ; elapsed = 00:00:00 . Memory (MB): peak = 2496.309 ; gain = 0.000
Ending Netlist Obfuscation Task | Checksum: c75632bd

Time (s): cpu = 00:00:00 ; elapsed = 00:00:00.001 . Memory (MB): peak = 2496.309 ; gain = 0.000
INFO: [Common 17-83] Releasing license: Implementation
24 Infos, 0 Warnings, 0 Critical Warnings and 0 Errors encountered.
opt_design completed successfully
opt_design: Time (s): cpu = 00:00:14 ; elapsed = 00:00:15 . Memory (MB): peak = 2496.309 ; gain = 643.840
INFO: [Timing 38-480] Writing timing data to binary archive.
Writing XDEF routing.
Writing XDEF routing logical nets.
Writing XDEF routing special nets.
Write XDEF Complete: Time (s): cpu = 00:00:00 ; elapsed = 00:00:00.051 . Memory (MB): peak = 2496.309 ; gain = 0.000
INFO: [Common 17-1381] The checkpoint 'D:/JHU/FPGA/Lab/Lab5_Nguyen/Lab5_Nguyen.runs/impl_1/lab5_top_opt.dcp' has been generated.
INFO: [runtcl-4] Executing : report_drc -file lab5_top_drc_opted.rpt -pb lab5_top_drc_opted.pb -rpx lab5_top_drc_opted.rpx
Command: report_drc -file lab5_top_drc_opted.rpt -pb lab5_top_drc_opted.pb -rpx lab5_top_drc_opted.rpx
INFO: [IP_Flow 19-234] Refreshing IP repositories
INFO: [IP_Flow 19-1704] No user IP repositories specified
INFO: [IP_Flow 19-2313] Loaded Vivado IP repository 'D:/Xilinx/Vivado/2022.1/data/ip'.
INFO: [Timing 38-35] Done setting XDC timing constraints.
INFO: [DRC 23-27] Running DRC with 2 threads
INFO: [Vivado_Tcl 2-168] The results of DRC are in file D:/JHU/FPGA/Lab/Lab5_Nguyen/Lab5_Nguyen.runs/impl_1/lab5_top_drc_opted.rpt.
report_drc completed successfully
Command: place_design
Attempting to get a license for feature 'Implementation' and/or device 'xc7a100t'
INFO: [Common 17-349] Got license for feature 'Implementation' and/or device 'xc7a100t'
INFO: [DRC 23-27] Running DRC with 2 threads
INFO: [Vivado_Tcl 4-198] DRC finished with 0 Errors
INFO: [Vivado_Tcl 4-199] Please refer to the DRC report (report_drc) for more information.
Running DRC as a precondition to command place_design
INFO: [DRC 23-27] Running DRC with 2 threads
INFO: [Vivado_Tcl 4-198] DRC finished with 0 Errors
INFO: [Vivado_Tcl 4-199] Please refer to the DRC report (report_drc) for more information.

Starting Placer Task
INFO: [Place 30-611] Multithreading enabled for place_design using a maximum of 2 CPUs

Phase 1 Placer Initialization

Phase 1.1 Placer Initialization Netlist Sorting
Netlist sorting complete. Time (s): cpu = 00:00:00 ; elapsed = 00:00:00.001 . Memory (MB): peak = 2540.516 ; gain = 0.000
Phase 1.1 Placer Initialization Netlist Sorting | Checksum: 825eb7b9

Time (s): cpu = 00:00:00 ; elapsed = 00:00:00.117 . Memory (MB): peak = 2540.516 ; gain = 0.000
Netlist sorting complete. Time (s): cpu = 00:00:00 ; elapsed = 00:00:00 . Memory (MB): peak = 2540.516 ; gain = 0.000

Phase 1.2 IO Placement/ Clock Placement/ Build Placer Device
Phase 1.2 IO Placement/ Clock Placement/ Build Placer Device | Checksum: faec5094

Time (s): cpu = 00:00:00 ; elapsed = 00:00:00.732 . Memory (MB): peak = 2540.516 ; gain = 0.000

Phase 1.3 Build Placer Netlist Model
Phase 1.3 Build Placer Netlist Model | Checksum: 1f187016d

Time (s): cpu = 00:00:00 ; elapsed = 00:00:00.883 . Memory (MB): peak = 2540.516 ; gain = 0.000

Phase 1.4 Constrain Clocks/Macros
Phase 1.4 Constrain Clocks/Macros | Checksum: 1f187016d

Time (s): cpu = 00:00:00 ; elapsed = 00:00:00.889 . Memory (MB): peak = 2540.516 ; gain = 0.000
Phase 1 Placer Initialization | Checksum: 1f187016d

Time (s): cpu = 00:00:00 ; elapsed = 00:00:00.896 . Memory (MB): peak = 2540.516 ; gain = 0.000

Phase 2 Global Placement

Phase 2.1 Floorplanning
Phase 2.1 Floorplanning | Checksum: 1f187016d

Time (s): cpu = 00:00:00 ; elapsed = 00:00:00.925 . Memory (MB): peak = 2540.516 ; gain = 0.000

Phase 2.2 Update Timing before SLR Path Opt
Phase 2.2 Update Timing before SLR Path Opt | Checksum: 1f187016d

Time (s): cpu = 00:00:00 ; elapsed = 00:00:00.925 . Memory (MB): peak = 2540.516 ; gain = 0.000

Phase 2.3 Post-Processing in Floorplanning
Phase 2.3 Post-Processing in Floorplanning | Checksum: 1f187016d

Time (s): cpu = 00:00:00 ; elapsed = 00:00:00.926 . Memory (MB): peak = 2540.516 ; gain = 0.000

Phase 2.4 Global Placement Core
WARNING: [Place 46-29] place_design is not in timing mode. Skip physical synthesis in placer
Phase 2.4 Global Placement Core | Checksum: 1d2b0834b

Time (s): cpu = 00:00:02 ; elapsed = 00:00:02 . Memory (MB): peak = 2540.516 ; gain = 0.000
Phase 2 Global Placement | Checksum: 1d2b0834b

Time (s): cpu = 00:00:02 ; elapsed = 00:00:02 . Memory (MB): peak = 2540.516 ; gain = 0.000

Phase 3 Detail Placement

Phase 3.1 Commit Multi Column Macros
Phase 3.1 Commit Multi Column Macros | Checksum: 1d2b0834b

Time (s): cpu = 00:00:02 ; elapsed = 00:00:02 . Memory (MB): peak = 2540.516 ; gain = 0.000

Phase 3.2 Commit Most Macros & LUTRAMs
Phase 3.2 Commit Most Macros & LUTRAMs | Checksum: 18b2efa4e

Time (s): cpu = 00:00:02 ; elapsed = 00:00:02 . Memory (MB): peak = 2540.516 ; gain = 0.000

Phase 3.3 Area Swap Optimization
Phase 3.3 Area Swap Optimization | Checksum: 143ad7713

Time (s): cpu = 00:00:02 ; elapsed = 00:00:02 . Memory (MB): peak = 2540.516 ; gain = 0.000

Phase 3.4 Pipeline Register Optimization
Phase 3.4 Pipeline Register Optimization | Checksum: 143ad7713

Time (s): cpu = 00:00:02 ; elapsed = 00:00:02 . Memory (MB): peak = 2540.516 ; gain = 0.000

Phase 3.5 Small Shape Detail Placement
Phase 3.5 Small Shape Detail Placement | Checksum: 180e7cbd1

Time (s): cpu = 00:00:03 ; elapsed = 00:00:02 . Memory (MB): peak = 2540.516 ; gain = 0.000

Phase 3.6 Re-assign LUT pins
Phase 3.6 Re-assign LUT pins | Checksum: 180e7cbd1

Time (s): cpu = 00:00:03 ; elapsed = 00:00:02 . Memory (MB): peak = 2540.516 ; gain = 0.000

Phase 3.7 Pipeline Register Optimization
Phase 3.7 Pipeline Register Optimization | Checksum: 180e7cbd1

Time (s): cpu = 00:00:03 ; elapsed = 00:00:02 . Memory (MB): peak = 2540.516 ; gain = 0.000
Phase 3 Detail Placement | Checksum: 180e7cbd1

Time (s): cpu = 00:00:03 ; elapsed = 00:00:02 . Memory (MB): peak = 2540.516 ; gain = 0.000

Phase 4 Post Placement Optimization and Clean-Up

Phase 4.1 Post Commit Optimization
Phase 4.1 Post Commit Optimization | Checksum: 180e7cbd1

Time (s): cpu = 00:00:03 ; elapsed = 00:00:02 . Memory (MB): peak = 2540.516 ; gain = 0.000

Phase 4.2 Post Placement Cleanup
Phase 4.2 Post Placement Cleanup | Checksum: 180e7cbd1

Time (s): cpu = 00:00:03 ; elapsed = 00:00:02 . Memory (MB): peak = 2540.516 ; gain = 0.000

Phase 4.3 Placer Reporting

Phase 4.3.1 Print Estimated Congestion
INFO: [Place 30-612] Post-Placement Estimated Congestion 
 ____________________________________________________
|           | Global Congestion | Short Congestion  |
| Direction | Region Size       | Region Size       |
|___________|___________________|___________________|
|      North|                1x1|                1x1|
|___________|___________________|___________________|
|      South|                1x1|                1x1|
|___________|___________________|___________________|
|       East|                1x1|                1x1|
|___________|___________________|___________________|
|       West|                1x1|                1x1|
|___________|___________________|___________________|

Phase 4.3.1 Print Estimated Congestion | Checksum: 180e7cbd1

Time (s): cpu = 00:00:03 ; elapsed = 00:00:02 . Memory (MB): peak = 2540.516 ; gain = 0.000
Phase 4.3 Placer Reporting | Checksum: 180e7cbd1

Time (s): cpu = 00:00:03 ; elapsed = 00:00:02 . Memory (MB): peak = 2540.516 ; gain = 0.000

Phase 4.4 Final Placement Cleanup
Netlist sorting complete. Time (s): cpu = 00:00:00 ; elapsed = 00:00:00 . Memory (MB): peak = 2540.516 ; gain = 0.000

Time (s): cpu = 00:00:03 ; elapsed = 00:00:02 . Memory (MB): peak = 2540.516 ; gain = 0.000
Phase 4 Post Placement Optimization and Clean-Up | Checksum: 18713e804

Time (s): cpu = 00:00:03 ; elapsed = 00:00:02 . Memory (MB): peak = 2540.516 ; gain = 0.000
Ending Placer Task | Checksum: 1284b8741

Time (s): cpu = 00:00:03 ; elapsed = 00:00:02 . Memory (MB): peak = 2540.516 ; gain = 0.000
INFO: [Common 17-83] Releasing license: Implementation
43 Infos, 1 Warnings, 0 Critical Warnings and 0 Errors encountered.
place_design completed successfully
INFO: [Timing 38-480] Writing timing data to binary archive.
Writing XDEF routing.
Writing XDEF routing logical nets.
Writing XDEF routing special nets.
Write XDEF Complete: Time (s): cpu = 00:00:00 ; elapsed = 00:00:00.071 . Memory (MB): peak = 2540.516 ; gain = 0.000
INFO: [Common 17-1381] The checkpoint 'D:/JHU/FPGA/Lab/Lab5_Nguyen/Lab5_Nguyen.runs/impl_1/lab5_top_placed.dcp' has been generated.
INFO: [runtcl-4] Executing : report_io -file lab5_top_io_placed.rpt
report_io: Time (s): cpu = 00:00:00 ; elapsed = 00:00:00.056 . Memory (MB): peak = 2540.516 ; gain = 0.000
INFO: [runtcl-4] Executing : report_utilization -file lab5_top_utilization_placed.rpt -pb lab5_top_utilization_placed.pb
INFO: [runtcl-4] Executing : report_control_sets -verbose -file lab5_top_control_sets_placed.rpt
report_control_sets: Time (s): cpu = 00:00:00 ; elapsed = 00:00:00.003 . Memory (MB): peak = 2540.516 ; gain = 0.000
Command: phys_opt_design
Attempting to get a license for feature 'Implementation' and/or device 'xc7a100t'
INFO: [Common 17-349] Got license for feature 'Implementation' and/or device 'xc7a100t'
INFO: [Vivado_Tcl 4-235] No timing constraint found. The netlist was not modified.
INFO: [Common 17-83] Releasing license: Implementation
51 Infos, 1 Warnings, 0 Critical Warnings and 0 Errors encountered.
phys_opt_design completed successfully
INFO: [Timing 38-480] Writing timing data to binary archive.
Writing XDEF routing.
Writing XDEF routing logical nets.
Writing XDEF routing special nets.
Write XDEF Complete: Time (s): cpu = 00:00:01 ; elapsed = 00:00:00.083 . Memory (MB): peak = 2540.516 ; gain = 0.000
INFO: [Common 17-1381] The checkpoint 'D:/JHU/FPGA/Lab/Lab5_Nguyen/Lab5_Nguyen.runs/impl_1/lab5_top_physopt.dcp' has been generated.
Command: route_design
Attempting to get a license for feature 'Implementation' and/or device 'xc7a100t'
INFO: [Common 17-349] Got license for feature 'Implementation' and/or device 'xc7a100t'
Running DRC as a precondition to command route_design
INFO: [DRC 23-27] Running DRC with 2 threads
INFO: [Vivado_Tcl 4-198] DRC finished with 0 Errors
INFO: [Vivado_Tcl 4-199] Please refer to the DRC report (report_drc) for more information.


Starting Routing Task
INFO: [Route 35-254] Multithreading enabled for route_design using a maximum of 2 CPUs

Phase 1 Build RT Design
Checksum: PlaceDB: 6df45e01 ConstDB: 0 ShapeSum: ba572940 RouteDB: 0
Post Restoration Checksum: NetGraph: 65e1083c NumContArr: e0a89adf Constraints: 0 Timing: 0
Phase 1 Build RT Design | Checksum: 14689a31b

Time (s): cpu = 00:00:36 ; elapsed = 00:00:33 . Memory (MB): peak = 2651.695 ; gain = 102.098

Phase 2 Router Initialization
INFO: [Route 35-64] No timing constraints were detected. The router will operate in resource-optimization mode.

Phase 2.1 Fix Topology Constraints
Phase 2.1 Fix Topology Constraints | Checksum: 14689a31b

Time (s): cpu = 00:00:36 ; elapsed = 00:00:33 . Memory (MB): peak = 2657.695 ; gain = 108.098

Phase 2.2 Pre Route Cleanup
Phase 2.2 Pre Route Cleanup | Checksum: 14689a31b

Time (s): cpu = 00:00:36 ; elapsed = 00:00:33 . Memory (MB): peak = 2657.695 ; gain = 108.098
 Number of Nodes with overlaps = 0

Router Utilization Summary
  Global Vertical Routing Utilization    = 0 %
  Global Horizontal Routing Utilization  = 0 %
  Routable Net Status*
  *Does not include unroutable nets such as driverless and loadless.
  Run report_route_status for detailed report.
  Number of Failed Nets               = 511
    (Failed Nets is the sum of unrouted and partially routed nets)
  Number of Unrouted Nets             = 511
  Number of Partially Routed Nets     = 0
  Number of Node Overlaps             = 0

Phase 2 Router Initialization | Checksum: 12c85729b

Time (s): cpu = 00:00:36 ; elapsed = 00:00:34 . Memory (MB): peak = 2677.508 ; gain = 127.910

Phase 3 Initial Routing

Phase 3.1 Global Routing
Phase 3.1 Global Routing | Checksum: 12c85729b

Time (s): cpu = 00:00:36 ; elapsed = 00:00:34 . Memory (MB): peak = 2677.508 ; gain = 127.910
Phase 3 Initial Routing | Checksum: e8f0bbcb

Time (s): cpu = 00:00:37 ; elapsed = 00:00:34 . Memory (MB): peak = 2677.508 ; gain = 127.910

Phase 4 Rip-up And Reroute

Phase 4.1 Global Iteration 0
 Number of Nodes with overlaps = 27
 Number of Nodes with overlaps = 0
Phase 4.1 Global Iteration 0 | Checksum: 12dd4c025

Time (s): cpu = 00:00:37 ; elapsed = 00:00:34 . Memory (MB): peak = 2677.508 ; gain = 127.910
Phase 4 Rip-up And Reroute | Checksum: 12dd4c025

Time (s): cpu = 00:00:37 ; elapsed = 00:00:34 . Memory (MB): peak = 2677.508 ; gain = 127.910

Phase 5 Delay and Skew Optimization
Phase 5 Delay and Skew Optimization | Checksum: 12dd4c025

Time (s): cpu = 00:00:37 ; elapsed = 00:00:34 . Memory (MB): peak = 2677.508 ; gain = 127.910

Phase 6 Post Hold Fix

Phase 6.1 Hold Fix Iter
Phase 6.1 Hold Fix Iter | Checksum: 12dd4c025

Time (s): cpu = 00:00:37 ; elapsed = 00:00:34 . Memory (MB): peak = 2677.508 ; gain = 127.910
Phase 6 Post Hold Fix | Checksum: 12dd4c025

Time (s): cpu = 00:00:37 ; elapsed = 00:00:34 . Memory (MB): peak = 2677.508 ; gain = 127.910

Phase 7 Route finalize

Router Utilization Summary
  Global Vertical Routing Utilization    = 0.0655438 %
  Global Horizontal Routing Utilization  = 0.0489486 %
  Routable Net Status*
  *Does not include unroutable nets such as driverless and loadless.
  Run report_route_status for detailed report.
  Number of Failed Nets               = 0
    (Failed Nets is the sum of unrouted and partially routed nets)
  Number of Unrouted Nets             = 0
  Number of Partially Routed Nets     = 0
  Number of Node Overlaps             = 0

Congestion Report
North Dir 1x1 Area, Max Cong = 23.4234%, No Congested Regions.
South Dir 1x1 Area, Max Cong = 15.3153%, No Congested Regions.
East Dir 1x1 Area, Max Cong = 25%, No Congested Regions.
West Dir 1x1 Area, Max Cong = 19.1176%, No Congested Regions.

------------------------------
Reporting congestion hotspots
------------------------------
Direction: North
----------------
Congested clusters found at Level 0
Effective congestion level: 0 Aspect Ratio: 1 Sparse Ratio: 0
Direction: South
----------------
Congested clusters found at Level 0
Effective congestion level: 0 Aspect Ratio: 1 Sparse Ratio: 0
Direction: East
----------------
Congested clusters found at Level 0
Effective congestion level: 0 Aspect Ratio: 1 Sparse Ratio: 0
Direction: West
----------------
Congested clusters found at Level 0
Effective congestion level: 0 Aspect Ratio: 1 Sparse Ratio: 0

Phase 7 Route finalize | Checksum: 12dd4c025

Time (s): cpu = 00:00:37 ; elapsed = 00:00:34 . Memory (MB): peak = 2677.508 ; gain = 127.910

Phase 8 Verifying routed nets

 Verification completed successfully
Phase 8 Verifying routed nets | Checksum: 12dd4c025

Time (s): cpu = 00:00:37 ; elapsed = 00:00:34 . Memory (MB): peak = 2677.508 ; gain = 127.910

Phase 9 Depositing Routes
Phase 9 Depositing Routes | Checksum: ebd14987

Time (s): cpu = 00:00:37 ; elapsed = 00:00:34 . Memory (MB): peak = 2677.508 ; gain = 127.910
INFO: [Route 35-16] Router Completed Successfully

Time (s): cpu = 00:00:37 ; elapsed = 00:00:34 . Memory (MB): peak = 2677.508 ; gain = 127.910

Routing Is Done.
INFO: [Common 17-83] Releasing license: Implementation
61 Infos, 1 Warnings, 0 Critical Warnings and 0 Errors encountered.
route_design completed successfully
route_design: Time (s): cpu = 00:00:38 ; elapsed = 00:00:35 . Memory (MB): peak = 2677.508 ; gain = 136.992
INFO: [Timing 38-480] Writing timing data to binary archive.
Writing XDEF routing.
Writing XDEF routing logical nets.
Writing XDEF routing special nets.
Write XDEF Complete: Time (s): cpu = 00:00:00 ; elapsed = 00:00:00.102 . Memory (MB): peak = 2687.047 ; gain = 9.539
INFO: [Common 17-1381] The checkpoint 'D:/JHU/FPGA/Lab/Lab5_Nguyen/Lab5_Nguyen.runs/impl_1/lab5_top_routed.dcp' has been generated.
INFO: [runtcl-4] Executing : report_drc -file lab5_top_drc_routed.rpt -pb lab5_top_drc_routed.pb -rpx lab5_top_drc_routed.rpx
Command: report_drc -file lab5_top_drc_routed.rpt -pb lab5_top_drc_routed.pb -rpx lab5_top_drc_routed.rpx
INFO: [IP_Flow 19-1839] IP Catalog is up to date.
INFO: [DRC 23-27] Running DRC with 2 threads
INFO: [Vivado_Tcl 2-168] The results of DRC are in file D:/JHU/FPGA/Lab/Lab5_Nguyen/Lab5_Nguyen.runs/impl_1/lab5_top_drc_routed.rpt.
report_drc completed successfully
INFO: [runtcl-4] Executing : report_methodology -file lab5_top_methodology_drc_routed.rpt -pb lab5_top_methodology_drc_routed.pb -rpx lab5_top_methodology_drc_routed.rpx
Command: report_methodology -file lab5_top_methodology_drc_routed.rpt -pb lab5_top_methodology_drc_routed.pb -rpx lab5_top_methodology_drc_routed.rpx
INFO: [Timing 38-35] Done setting XDC timing constraints.
INFO: [DRC 23-133] Running Methodology with 2 threads
INFO: [Vivado_Tcl 2-1520] The results of Report Methodology are in file D:/JHU/FPGA/Lab/Lab5_Nguyen/Lab5_Nguyen.runs/impl_1/lab5_top_methodology_drc_routed.rpt.
report_methodology completed successfully
INFO: [runtcl-4] Executing : report_power -file lab5_top_power_routed.rpt -pb lab5_top_power_summary_routed.pb -rpx lab5_top_power_routed.rpx
Command: report_power -file lab5_top_power_routed.rpt -pb lab5_top_power_summary_routed.pb -rpx lab5_top_power_routed.rpx
INFO: [Timing 38-35] Done setting XDC timing constraints.
WARNING: [Power 33-232] No user defined clocks were found in the design! Power estimation will be inaccurate until this is corrected.
Resolution: Please specify clocks using create_clock/create_generated_clock for sequential elements. For pure combinatorial circuits, please specify a virtual clock, otherwise the vectorless estimation might be inaccurate
Running Vector-less Activity Propagation...

Finished Running Vector-less Activity Propagation
73 Infos, 2 Warnings, 0 Critical Warnings and 0 Errors encountered.
report_power completed successfully
INFO: [runtcl-4] Executing : report_route_status -file lab5_top_route_status.rpt -pb lab5_top_route_status.pb
INFO: [runtcl-4] Executing : report_timing_summary -max_paths 10 -report_unconstrained -file lab5_top_timing_summary_routed.rpt -pb lab5_top_timing_summary_routed.pb -rpx lab5_top_timing_summary_routed.rpx -warn_on_violation 
INFO: [Timing 38-91] UpdateTimingParams: Speed grade: -1, Delay Type: min_max.
INFO: [Timing 38-191] Multithreading enabled for timing update using a maximum of 2 CPUs
WARNING: [Timing 38-313] There are no user specified timing constraints. Timing constraints are needed for proper timing analysis.
INFO: [runtcl-4] Executing : report_incremental_reuse -file lab5_top_incremental_reuse_routed.rpt
INFO: [Vivado_Tcl 4-1062] Incremental flow is disabled. No incremental reuse Info to report.
INFO: [runtcl-4] Executing : report_clock_utilization -file lab5_top_clock_utilization_routed.rpt
INFO: [runtcl-4] Executing : report_bus_skew -warn_on_violation -file lab5_top_bus_skew_routed.rpt -pb lab5_top_bus_skew_routed.pb -rpx lab5_top_bus_skew_routed.rpx
INFO: [Timing 38-91] UpdateTimingParams: Speed grade: -1, Delay Type: min_max.
INFO: [Timing 38-191] Multithreading enabled for timing update using a maximum of 2 CPUs
Command: write_bitstream -force lab5_top.bit
Attempting to get a license for feature 'Implementation' and/or device 'xc7a100t'
INFO: [Common 17-349] Got license for feature 'Implementation' and/or device 'xc7a100t'
Running DRC as a precondition to command write_bitstream
INFO: [IP_Flow 19-1839] IP Catalog is up to date.
INFO: [DRC 23-27] Running DRC with 2 threads
